2018-04-15 17:07:35.114 [JavaFX Application Thread] INFO  edu.cuny.brooklyn.project.TreasureHuntFXApp edu.cuny.brooklyn.project.TreasureHuntFXApp.start(TreasureHuntFXApp.java:27) - TreasureHuntFXApp started.
2018-04-15 17:07:35.485 [JavaFX Application Thread] DEBUG edu.cuny.brooklyn.project.treasure.TreasureField edu.cuny.brooklyn.project.treasure.TreasureField.placeTreasure(TreasureField.java:108) - Treasure is placed and bounded at (xLeft, yTop) -- (xRight, yBottom) = (57, 4) -- (67, 14)
2018-04-15 17:07:35.715 [JavaFX Application Thread] INFO  edu.cuny.brooklyn.project.TreasureHuntFXApp edu.cuny.brooklyn.project.TreasureHuntFXApp.start(TreasureHuntFXApp.java:32) - TreasureHuntFXApp exits.
2018-04-15 17:07:38.622 [JavaFX Application Thread] DEBUG edu.cuny.brooklyn.project.puzzler.PuzzlerMaker edu.cuny.brooklyn.project.puzzler.PuzzlerMaker.make(PuzzlerMaker.java:11) - Puzzler type = 101
2018-04-15 17:07:38.623 [JavaFX Application Thread] DEBUG edu.cuny.brooklyn.project.puzzler.PuzzlerMaker edu.cuny.brooklyn.project.puzzler.PuzzlerMaker.make(PuzzlerMaker.java:16) - Made a math puzzler: message = Sqrt(5) = ? and answer = 2.23606797749979
2018-04-15 17:07:45.534 [JavaFX Application Thread] DEBUG edu.cuny.brooklyn.project.puzzler.SqrtMathPuzzler edu.cuny.brooklyn.project.puzzler.SqrtMathPuzzler.isCorrect(SqrtMathPuzzler.java:38) - Correct answer
2018-04-15 17:07:45.534 [JavaFX Application Thread] DEBUG edu.cuny.brooklyn.project.frame.PuzzlerFrame edu.cuny.brooklyn.project.frame.PuzzlerFrame.answerPuzzler(PuzzlerFrame.java:55) - User's answer to the puzzler is correct, move on to locate the treasure.
2018-04-15 17:07:45.536 [JavaFX Application Thread] DEBUG edu.cuny.brooklyn.project.frame.TreasureClue edu.cuny.brooklyn.project.frame.TreasureClue.getClue(TreasureClue.java:27) - Treasure is at (xLeft, yTop) -- (xRight, yBottom) = (57, 4) -- (67, 14)
2018-04-15 17:07:45.537 [JavaFX Application Thread] DEBUG edu.cuny.brooklyn.project.frame.TreasureClue edu.cuny.brooklyn.project.frame.TreasureClue.getClue(TreasureClue.java:29) - Clue is given at (x, y) = (66, 8)
2018-04-15 17:07:54.526 [JavaFX Application Thread] DEBUG edu.cuny.brooklyn.project.treasure.TreasureField edu.cuny.brooklyn.project.treasure.TreasureField.foundTreasure(TreasureField.java:40) - (x, y, fieldWidth, fieldHeight) = (226, 23, 70, 15)
2018-04-15 17:07:54.527 [JavaFX Application Thread] DEBUG edu.cuny.brooklyn.project.treasure.TreasureField edu.cuny.brooklyn.project.treasure.TreasureField.foundTreasure(TreasureField.java:41) - User enter a location out of bound, not a treasure obviously.
2018-04-15 17:07:54.527 [JavaFX Application Thread] DEBUG edu.cuny.brooklyn.project.frame.TreasureFrame edu.cuny.brooklyn.project.frame.TreasureFrame.doTreasureLocationAction(TreasureFrame.java:212) - No treasure at location (226,23)
2018-04-15 17:08:10.750 [JavaFX Application Thread] DEBUG edu.cuny.brooklyn.project.treasure.TreasureField edu.cuny.brooklyn.project.treasure.TreasureField.foundTreasure(TreasureField.java:40) - (x, y, fieldWidth, fieldHeight) = (97, 101, 70, 15)
2018-04-15 17:08:10.750 [JavaFX Application Thread] DEBUG edu.cuny.brooklyn.project.treasure.TreasureField edu.cuny.brooklyn.project.treasure.TreasureField.foundTreasure(TreasureField.java:41) - User enter a location out of bound, not a treasure obviously.
2018-04-15 17:08:10.751 [JavaFX Application Thread] DEBUG edu.cuny.brooklyn.project.frame.TreasureFrame edu.cuny.brooklyn.project.frame.TreasureFrame.doTreasureLocationAction(TreasureFrame.java:212) - No treasure at location (97,101)
2018-04-15 17:08:12.758 [JavaFX Application Thread] DEBUG edu.cuny.brooklyn.project.treasure.TreasureField edu.cuny.brooklyn.project.treasure.TreasureField.foundTreasure(TreasureField.java:40) - (x, y, fieldWidth, fieldHeight) = (75, 41, 70, 15)
2018-04-15 17:08:12.758 [JavaFX Application Thread] DEBUG edu.cuny.brooklyn.project.treasure.TreasureField edu.cuny.brooklyn.project.treasure.TreasureField.foundTreasure(TreasureField.java:41) - User enter a location out of bound, not a treasure obviously.
2018-04-15 17:08:12.758 [JavaFX Application Thread] DEBUG edu.cuny.brooklyn.project.frame.TreasureFrame edu.cuny.brooklyn.project.frame.TreasureFrame.doTreasureLocationAction(TreasureFrame.java:212) - No treasure at location (75,41)
2018-04-15 17:08:14.830 [JavaFX Application Thread] DEBUG edu.cuny.brooklyn.project.treasure.TreasureField edu.cuny.brooklyn.project.treasure.TreasureField.foundTreasure(TreasureField.java:40) - (x, y, fieldWidth, fieldHeight) = (250, 61, 70, 15)
2018-04-15 17:08:14.830 [JavaFX Application Thread] DEBUG edu.cuny.brooklyn.project.treasure.TreasureField edu.cuny.brooklyn.project.treasure.TreasureField.foundTreasure(TreasureField.java:41) - User enter a location out of bound, not a treasure obviously.
2018-04-15 17:08:14.831 [JavaFX Application Thread] DEBUG edu.cuny.brooklyn.project.frame.TreasureFrame edu.cuny.brooklyn.project.frame.TreasureFrame.doTreasureLocationAction(TreasureFrame.java:212) - No treasure at location (250,61)
2018-04-15 17:08:16.558 [JavaFX Application Thread] DEBUG edu.cuny.brooklyn.project.treasure.TreasureField edu.cuny.brooklyn.project.treasure.TreasureField.foundTreasure(TreasureField.java:40) - (x, y, fieldWidth, fieldHeight) = (316, 170, 70, 15)
2018-04-15 17:08:16.558 [JavaFX Application Thread] DEBUG edu.cuny.brooklyn.project.treasure.TreasureField edu.cuny.brooklyn.project.treasure.TreasureField.foundTreasure(TreasureField.java:41) - User enter a location out of bound, not a treasure obviously.
2018-04-15 17:08:16.558 [JavaFX Application Thread] DEBUG edu.cuny.brooklyn.project.frame.TreasureFrame edu.cuny.brooklyn.project.frame.TreasureFrame.doTreasureLocationAction(TreasureFrame.java:212) - No treasure at location (316,170)
2018-04-15 17:08:18.134 [JavaFX Application Thread] DEBUG edu.cuny.brooklyn.project.treasure.TreasureField edu.cuny.brooklyn.project.treasure.TreasureField.foundTreasure(TreasureField.java:40) - (x, y, fieldWidth, fieldHeight) = (198, 231, 70, 15)
2018-04-15 17:08:18.134 [JavaFX Application Thread] DEBUG edu.cuny.brooklyn.project.treasure.TreasureField edu.cuny.brooklyn.project.treasure.TreasureField.foundTreasure(TreasureField.java:41) - User enter a location out of bound, not a treasure obviously.
2018-04-15 17:08:18.134 [JavaFX Application Thread] DEBUG edu.cuny.brooklyn.project.frame.TreasureFrame edu.cuny.brooklyn.project.frame.TreasureFrame.doTreasureLocationAction(TreasureFrame.java:212) - No treasure at location (198,231)
2018-04-15 17:08:19.838 [JavaFX Application Thread] DEBUG edu.cuny.brooklyn.project.treasure.TreasureField edu.cuny.brooklyn.project.treasure.TreasureField.foundTreasure(TreasureField.java:40) - (x, y, fieldWidth, fieldHeight) = (93, 435, 70, 15)
2018-04-15 17:08:19.839 [JavaFX Application Thread] DEBUG edu.cuny.brooklyn.project.treasure.TreasureField edu.cuny.brooklyn.project.treasure.TreasureField.foundTreasure(TreasureField.java:41) - User enter a location out of bound, not a treasure obviously.
2018-04-15 17:08:19.839 [JavaFX Application Thread] DEBUG edu.cuny.brooklyn.project.frame.TreasureFrame edu.cuny.brooklyn.project.frame.TreasureFrame.doTreasureLocationAction(TreasureFrame.java:212) - No treasure at location (93,435)
2018-04-15 17:08:20.006 [JavaFX Application Thread] DEBUG edu.cuny.brooklyn.project.treasure.TreasureField edu.cuny.brooklyn.project.treasure.TreasureField.foundTreasure(TreasureField.java:40) - (x, y, fieldWidth, fieldHeight) = (93, 435, 70, 15)
2018-04-15 17:08:20.006 [JavaFX Application Thread] DEBUG edu.cuny.brooklyn.project.treasure.TreasureField edu.cuny.brooklyn.project.treasure.TreasureField.foundTreasure(TreasureField.java:41) - User enter a location out of bound, not a treasure obviously.
2018-04-15 17:08:20.007 [JavaFX Application Thread] DEBUG edu.cuny.brooklyn.project.frame.TreasureFrame edu.cuny.brooklyn.project.frame.TreasureFrame.doTreasureLocationAction(TreasureFrame.java:212) - No treasure at location (93,435)
2018-04-15 17:08:20.134 [JavaFX Application Thread] DEBUG edu.cuny.brooklyn.project.treasure.TreasureField edu.cuny.brooklyn.project.treasure.TreasureField.foundTreasure(TreasureField.java:40) - (x, y, fieldWidth, fieldHeight) = (93, 435, 70, 15)
2018-04-15 17:08:20.134 [JavaFX Application Thread] DEBUG edu.cuny.brooklyn.project.treasure.TreasureField edu.cuny.brooklyn.project.treasure.TreasureField.foundTreasure(TreasureField.java:41) - User enter a location out of bound, not a treasure obviously.
2018-04-15 17:08:20.134 [JavaFX Application Thread] DEBUG edu.cuny.brooklyn.project.frame.TreasureFrame edu.cuny.brooklyn.project.frame.TreasureFrame.doTreasureLocationAction(TreasureFrame.java:212) - No treasure at location (93,435)
2018-04-15 17:08:21.878 [JavaFX Application Thread] DEBUG edu.cuny.brooklyn.project.treasure.TreasureField edu.cuny.brooklyn.project.treasure.TreasureField.foundTreasure(TreasureField.java:40) - (x, y, fieldWidth, fieldHeight) = (227, 573, 70, 15)
2018-04-15 17:08:21.879 [JavaFX Application Thread] DEBUG edu.cuny.brooklyn.project.treasure.TreasureField edu.cuny.brooklyn.project.treasure.TreasureField.foundTreasure(TreasureField.java:41) - User enter a location out of bound, not a treasure obviously.
2018-04-15 17:08:21.879 [JavaFX Application Thread] DEBUG edu.cuny.brooklyn.project.frame.TreasureFrame edu.cuny.brooklyn.project.frame.TreasureFrame.doTreasureLocationAction(TreasureFrame.java:212) - No treasure at location (227,573)
2018-04-15 17:08:22.110 [JavaFX Application Thread] DEBUG edu.cuny.brooklyn.project.treasure.TreasureField edu.cuny.brooklyn.project.treasure.TreasureField.foundTreasure(TreasureField.java:40) - (x, y, fieldWidth, fieldHeight) = (227, 573, 70, 15)
2018-04-15 17:08:22.111 [JavaFX Application Thread] DEBUG edu.cuny.brooklyn.project.treasure.TreasureField edu.cuny.brooklyn.project.treasure.TreasureField.foundTreasure(TreasureField.java:41) - User enter a location out of bound, not a treasure obviously.
2018-04-15 17:08:22.111 [JavaFX Application Thread] DEBUG edu.cuny.brooklyn.project.frame.TreasureFrame edu.cuny.brooklyn.project.frame.TreasureFrame.doTreasureLocationAction(TreasureFrame.java:212) - No treasure at location (227,573)
2018-04-15 17:08:23.541 [JavaFX Application Thread] DEBUG edu.cuny.brooklyn.project.treasure.TreasureField edu.cuny.brooklyn.project.treasure.TreasureField.foundTreasure(TreasureField.java:40) - (x, y, fieldWidth, fieldHeight) = (280, 371, 70, 15)
2018-04-15 17:08:23.542 [JavaFX Application Thread] DEBUG edu.cuny.brooklyn.project.treasure.TreasureField edu.cuny.brooklyn.project.treasure.TreasureField.foundTreasure(TreasureField.java:41) - User enter a location out of bound, not a treasure obviously.
2018-04-15 17:08:23.542 [JavaFX Application Thread] DEBUG edu.cuny.brooklyn.project.frame.TreasureFrame edu.cuny.brooklyn.project.frame.TreasureFrame.doTreasureLocationAction(TreasureFrame.java:212) - No treasure at location (280,371)
2018-04-15 17:08:25.774 [JavaFX Application Thread] DEBUG edu.cuny.brooklyn.project.treasure.TreasureField edu.cuny.brooklyn.project.treasure.TreasureField.foundTreasure(TreasureField.java:40) - (x, y, fieldWidth, fieldHeight) = (807, 629, 70, 15)
2018-04-15 17:08:25.774 [JavaFX Application Thread] DEBUG edu.cuny.brooklyn.project.treasure.TreasureField edu.cuny.brooklyn.project.treasure.TreasureField.foundTreasure(TreasureField.java:41) - User enter a location out of bound, not a treasure obviously.
2018-04-15 17:08:25.774 [JavaFX Application Thread] DEBUG edu.cuny.brooklyn.project.frame.TreasureFrame edu.cuny.brooklyn.project.frame.TreasureFrame.doTreasureLocationAction(TreasureFrame.java:212) - No treasure at location (807,629)
2018-04-15 17:08:25.927 [JavaFX Application Thread] DEBUG edu.cuny.brooklyn.project.treasure.TreasureField edu.cuny.brooklyn.project.treasure.TreasureField.foundTreasure(TreasureField.java:40) - (x, y, fieldWidth, fieldHeight) = (807, 629, 70, 15)
2018-04-15 17:08:25.927 [JavaFX Application Thread] DEBUG edu.cuny.brooklyn.project.treasure.TreasureField edu.cuny.brooklyn.project.treasure.TreasureField.foundTreasure(TreasureField.java:41) - User enter a location out of bound, not a treasure obviously.
2018-04-15 17:08:25.927 [JavaFX Application Thread] DEBUG edu.cuny.brooklyn.project.frame.TreasureFrame edu.cuny.brooklyn.project.frame.TreasureFrame.doTreasureLocationAction(TreasureFrame.java:212) - No treasure at location (807,629)
2018-04-15 17:08:27.493 [JavaFX Application Thread] DEBUG edu.cuny.brooklyn.project.treasure.TreasureField edu.cuny.brooklyn.project.treasure.TreasureField.foundTreasure(TreasureField.java:40) - (x, y, fieldWidth, fieldHeight) = (350, 88, 70, 15)
2018-04-15 17:08:27.494 [JavaFX Application Thread] DEBUG edu.cuny.brooklyn.project.treasure.TreasureField edu.cuny.brooklyn.project.treasure.TreasureField.foundTreasure(TreasureField.java:41) - User enter a location out of bound, not a treasure obviously.
2018-04-15 17:08:27.494 [JavaFX Application Thread] DEBUG edu.cuny.brooklyn.project.frame.TreasureFrame edu.cuny.brooklyn.project.frame.TreasureFrame.doTreasureLocationAction(TreasureFrame.java:212) - No treasure at location (350,88)
2018-04-15 17:08:27.670 [JavaFX Application Thread] DEBUG edu.cuny.brooklyn.project.treasure.TreasureField edu.cuny.brooklyn.project.treasure.TreasureField.foundTreasure(TreasureField.java:40) - (x, y, fieldWidth, fieldHeight) = (350, 88, 70, 15)
2018-04-15 17:08:27.672 [JavaFX Application Thread] DEBUG edu.cuny.brooklyn.project.treasure.TreasureField edu.cuny.brooklyn.project.treasure.TreasureField.foundTreasure(TreasureField.java:41) - User enter a location out of bound, not a treasure obviously.
2018-04-15 17:08:27.673 [JavaFX Application Thread] DEBUG edu.cuny.brooklyn.project.frame.TreasureFrame edu.cuny.brooklyn.project.frame.TreasureFrame.doTreasureLocationAction(TreasureFrame.java:212) - No treasure at location (350,88)
2018-04-15 17:08:28.934 [JavaFX Application Thread] DEBUG edu.cuny.brooklyn.project.treasure.TreasureField edu.cuny.brooklyn.project.treasure.TreasureField.foundTreasure(TreasureField.java:40) - (x, y, fieldWidth, fieldHeight) = (393, 320, 70, 15)
2018-04-15 17:08:28.935 [JavaFX Application Thread] DEBUG edu.cuny.brooklyn.project.treasure.TreasureField edu.cuny.brooklyn.project.treasure.TreasureField.foundTreasure(TreasureField.java:41) - User enter a location out of bound, not a treasure obviously.
2018-04-15 17:08:28.935 [JavaFX Application Thread] DEBUG edu.cuny.brooklyn.project.frame.TreasureFrame edu.cuny.brooklyn.project.frame.TreasureFrame.doTreasureLocationAction(TreasureFrame.java:212) - No treasure at location (393,320)
2018-04-15 17:08:30.638 [JavaFX Application Thread] DEBUG edu.cuny.brooklyn.project.treasure.TreasureField edu.cuny.brooklyn.project.treasure.TreasureField.foundTreasure(TreasureField.java:40) - (x, y, fieldWidth, fieldHeight) = (448, 214, 70, 15)
2018-04-15 17:08:30.638 [JavaFX Application Thread] DEBUG edu.cuny.brooklyn.project.treasure.TreasureField edu.cuny.brooklyn.project.treasure.TreasureField.foundTreasure(TreasureField.java:41) - User enter a location out of bound, not a treasure obviously.
2018-04-15 17:08:30.639 [JavaFX Application Thread] DEBUG edu.cuny.brooklyn.project.frame.TreasureFrame edu.cuny.brooklyn.project.frame.TreasureFrame.doTreasureLocationAction(TreasureFrame.java:212) - No treasure at location (448,214)
2018-04-15 17:08:32.958 [JavaFX Application Thread] DEBUG edu.cuny.brooklyn.project.treasure.TreasureField edu.cuny.brooklyn.project.treasure.TreasureField.foundTreasure(TreasureField.java:40) - (x, y, fieldWidth, fieldHeight) = (20, 17, 70, 15)
2018-04-15 17:08:32.958 [JavaFX Application Thread] DEBUG edu.cuny.brooklyn.project.treasure.TreasureField edu.cuny.brooklyn.project.treasure.TreasureField.foundTreasure(TreasureField.java:41) - User enter a location out of bound, not a treasure obviously.
2018-04-15 17:08:32.958 [JavaFX Application Thread] DEBUG edu.cuny.brooklyn.project.frame.TreasureFrame edu.cuny.brooklyn.project.frame.TreasureFrame.doTreasureLocationAction(TreasureFrame.java:212) - No treasure at location (20,17)
2018-04-15 17:08:35.133 [JavaFX Application Thread] DEBUG edu.cuny.brooklyn.project.treasure.TreasureField edu.cuny.brooklyn.project.treasure.TreasureField.foundTreasure(TreasureField.java:40) - (x, y, fieldWidth, fieldHeight) = (25, 79, 70, 15)
2018-04-15 17:08:35.134 [JavaFX Application Thread] DEBUG edu.cuny.brooklyn.project.treasure.TreasureField edu.cuny.brooklyn.project.treasure.TreasureField.foundTreasure(TreasureField.java:41) - User enter a location out of bound, not a treasure obviously.
2018-04-15 17:08:35.134 [JavaFX Application Thread] DEBUG edu.cuny.brooklyn.project.frame.TreasureFrame edu.cuny.brooklyn.project.frame.TreasureFrame.doTreasureLocationAction(TreasureFrame.java:212) - No treasure at location (25,79)
2018-04-15 17:08:36.878 [JavaFX Application Thread] DEBUG edu.cuny.brooklyn.project.treasure.TreasureField edu.cuny.brooklyn.project.treasure.TreasureField.foundTreasure(TreasureField.java:40) - (x, y, fieldWidth, fieldHeight) = (105, 202, 70, 15)
2018-04-15 17:08:36.878 [JavaFX Application Thread] DEBUG edu.cuny.brooklyn.project.treasure.TreasureField edu.cuny.brooklyn.project.treasure.TreasureField.foundTreasure(TreasureField.java:41) - User enter a location out of bound, not a treasure obviously.
2018-04-15 17:08:36.879 [JavaFX Application Thread] DEBUG edu.cuny.brooklyn.project.frame.TreasureFrame edu.cuny.brooklyn.project.frame.TreasureFrame.doTreasureLocationAction(TreasureFrame.java:212) - No treasure at location (105,202)
2018-04-15 17:08:38.565 [JavaFX Application Thread] DEBUG edu.cuny.brooklyn.project.treasure.TreasureField edu.cuny.brooklyn.project.treasure.TreasureField.foundTreasure(TreasureField.java:40) - (x, y, fieldWidth, fieldHeight) = (146, 121, 70, 15)
2018-04-15 17:08:38.566 [JavaFX Application Thread] DEBUG edu.cuny.brooklyn.project.treasure.TreasureField edu.cuny.brooklyn.project.treasure.TreasureField.foundTreasure(TreasureField.java:41) - User enter a location out of bound, not a treasure obviously.
2018-04-15 17:08:38.566 [JavaFX Application Thread] DEBUG edu.cuny.brooklyn.project.frame.TreasureFrame edu.cuny.brooklyn.project.frame.TreasureFrame.doTreasureLocationAction(TreasureFrame.java:212) - No treasure at location (146,121)
2018-04-15 17:08:40.758 [JavaFX Application Thread] DEBUG edu.cuny.brooklyn.project.treasure.TreasureField edu.cuny.brooklyn.project.treasure.TreasureField.foundTreasure(TreasureField.java:40) - (x, y, fieldWidth, fieldHeight) = (80, 28, 70, 15)
2018-04-15 17:08:40.759 [JavaFX Application Thread] DEBUG edu.cuny.brooklyn.project.treasure.TreasureField edu.cuny.brooklyn.project.treasure.TreasureField.foundTreasure(TreasureField.java:41) - User enter a location out of bound, not a treasure obviously.
2018-04-15 17:08:40.759 [JavaFX Application Thread] DEBUG edu.cuny.brooklyn.project.frame.TreasureFrame edu.cuny.brooklyn.project.frame.TreasureFrame.doTreasureLocationAction(TreasureFrame.java:212) - No treasure at location (80,28)
2018-04-15 17:08:45.453 [JavaFX Application Thread] DEBUG edu.cuny.brooklyn.project.treasure.TreasureField edu.cuny.brooklyn.project.treasure.TreasureField.foundTreasure(TreasureField.java:45) - User's guess (x, y) = (66, 8)
2018-04-15 17:08:45.454 [JavaFX Application Thread] DEBUG edu.cuny.brooklyn.project.treasure.TreasureField edu.cuny.brooklyn.project.treasure.TreasureField.foundTreasure(TreasureField.java:48) - Treasure is bounded at (xLeft, yTop) -- (xRight, yBottom) = (57, 4) -- (67, 14)
2018-04-15 17:08:45.454 [JavaFX Application Thread] DEBUG edu.cuny.brooklyn.project.treasure.TreasureField edu.cuny.brooklyn.project.treasure.TreasureField.foundTreasure(TreasureField.java:53) - Treasure cell at TreasureField(x, y) = (66,8)
2018-04-15 17:08:45.454 [JavaFX Application Thread] DEBUG edu.cuny.brooklyn.project.treasure.TreasureField edu.cuny.brooklyn.project.treasure.TreasureField.foundTreasure(TreasureField.java:54) - Treasure cell at Treasure(x, y) = (9,4)
2018-04-15 17:08:45.454 [JavaFX Application Thread] DEBUG edu.cuny.brooklyn.project.frame.TreasureFrame edu.cuny.brooklyn.project.frame.TreasureFrame.doTreasureLocationAction(TreasureFrame.java:207) - Found treasure at location (66,8)
2018-04-15 17:08:45.455 [JavaFX Application Thread] DEBUG edu.cuny.brooklyn.project.frame.TreasureFrame edu.cuny.brooklyn.project.frame.TreasureFrame.drawTreasure(TreasureFrame.java:226) - redraw
